<?xml version="1.0" encoding="UTF-8"?>
<!-- Generated by org.testng.reporters.JUnitXMLReporter -->
<testsuite hostname="ARANJAN-LTW7" ignored="0" name="All API Class" tests="7" failures="1" timestamp="14 May 2018 07:53:44 GMT" time="7.708" errors="0">
  <testcase name="validateDelete" time="2.695" classname="com.testcases.SimpleDelete"/>
  <testcase name="GetWeatherDetails" time="0.74" classname="com.testcases.SimpleGetNotFound"/>
  <testcase name="GetWeatherDetails" time="1.246" classname="com.testcases.SimpleGetTest"/>
  <testcase name="GetWeatherDetails" time="1.465" classname="com.testcases.SimplePostTest"/>
  <testcase name="validateDelete" time="0.521" classname="com.testcases.SimplePutTest"/>
  <testcase name="validateSuccessful" time="0.493" classname="com.testcases.UnthenticationSuccessful"/>
  <testcase name="validateUnsuccessful" time="0.503" classname="com.testcases.UnthenticationUnSuccessful">
    <failure type="java.lang.AssertionError" message="Something wrong looks like expected [201] but found [400]">
      <![CDATA[java.lang.AssertionError: Something wrong looks like expected [201] but found [400]
	at com.testcases.UnthenticationUnSuccessful.validateUnsuccessful(UnthenticationUnSuccessful.java:36)
... Removed 30 stack frames]]>
    </failure>
  </testcase> <!-- validateUnsuccessful -->
</testsuite> <!-- All API Class -->
