<?xml version="1.0" encoding="UTF-8"?>
<testng-results skipped="0" failed="0" ignored="0" total="2" passed="2">
  <reporter-output>
  </reporter-output>
  <suite name="Default suite" duration-ms="3949" started-at="2018-06-22T09:53:40Z" finished-at="2018-06-22T09:53:44Z">
    <groups>
    </groups>
    <test name="Default test" duration-ms="3949" started-at="2018-06-22T09:53:40Z" finished-at="2018-06-22T09:53:44Z">
      <class name="com.testcases.NewPostCall">
        <test-method status="PASS" signature="f()[pri:0, instance:com.testcases.NewPostCall@31610302]" name="f" duration-ms="3220" started-at="2018-06-22T15:23:40Z" description="This test case for get request" finished-at="2018-06-22T15:23:43Z">
          <reporter-output>
          </reporter-output>
        </test-method> <!-- f -->
        <test-method status="PASS" signature="g()[pri:0, instance:com.testcases.NewPostCall@31610302]" name="g" duration-ms="701" started-at="2018-06-22T15:23:43Z" description="this test case for post request" finished-at="2018-06-22T15:23:44Z">
          <reporter-output>
          </reporter-output>
        </test-method> <!-- g -->
      </class> <!-- com.testcases.NewPostCall -->
    </test> <!-- Default test -->
  </suite> <!-- Default suite -->
</testng-results>
