<?xml version="1.0" encoding="UTF-8"?>
<testng-results skipped="0" failed="0" ignored="0" total="2" passed="2">
  <reporter-output>
  </reporter-output>
  <suite name="Default suite" duration-ms="3378" started-at="2018-05-16T09:28:10Z" finished-at="2018-05-16T09:28:13Z">
    <groups>
    </groups>
    <test name="Default test" duration-ms="3378" started-at="2018-05-16T09:28:10Z" finished-at="2018-05-16T09:28:13Z">
      <class name="com.testcases.NewPostCall">
        <test-method status="PASS" signature="f()[pri:0, instance:com.testcases.NewPostCall@42e26948]" name="f" duration-ms="2823" started-at="2018-05-16T14:58:10Z" finished-at="2018-05-16T14:58:12Z">
          <reporter-output>
          </reporter-output>
        </test-method> <!-- f -->
        <test-method status="PASS" signature="g()[pri:0, instance:com.testcases.NewPostCall@42e26948]" name="g" duration-ms="527" started-at="2018-05-16T14:58:12Z" finished-at="2018-05-16T14:58:13Z">
          <reporter-output>
          </reporter-output>
        </test-method> <!-- g -->
      </class> <!-- com.testcases.NewPostCall -->
    </test> <!-- Default test -->
  </suite> <!-- Default suite -->
</testng-results>
